Ensuring required pip packages are installed...
============================================
  MEXA Table 1 (116 langs) — Apertus 8B
  Model:   swiss-ai/Apertus-8B-2509
  Dataset: FLORES-200 (116 langs, 100 sents)
  Pooling: max + mean
============================================
1. Extracting Embeddings...
Using device: cpu
2. Computing MEXA alignments...
3. Formatting Results for the Dashboard...

==================================================
  scores — swiss-ai/Apertus-8B-2509
  Languages evaluated: 110
  µ_Max  = 0.3873
  µ_Mean = 0.1637
==================================================

Saved to ../../dashboard/public/data/flores_table1_100_apertus8b_results.csv
4. Computing 2D Projections...
Loading embeddings from ./embeddings...
Loaded 110 languages, 33 layers
Computing projections (2D + 3D)...
  Layer 0/32 done (PCA 2D: 33.7%, 3D: 41.4%)
  Layer 1/32 done (PCA 2D: 45.8%, 3D: 56.3%)
  Layer 2/32 done (PCA 2D: 71.7%, 3D: 75.0%)
  Layer 3/32 done (PCA 2D: 100.0%, 3D: 100.0%)
  Layer 4/32 done (PCA 2D: 100.0%, 3D: 100.0%)
  Layer 5/32 done (PCA 2D: 100.0%, 3D: 100.0%)
  Layer 6/32 done (PCA 2D: 100.0%, 3D: 100.0%)
  Layer 7/32 done (PCA 2D: 99.9%, 3D: 99.9%)
  Layer 8/32 done (PCA 2D: 99.8%, 3D: 99.9%)
  Layer 9/32 done (PCA 2D: 99.7%, 3D: 99.8%)
  Layer 10/32 done (PCA 2D: 99.7%, 3D: 99.8%)
  Layer 11/32 done (PCA 2D: 99.5%, 3D: 99.7%)
  Layer 12/32 done (PCA 2D: 99.4%, 3D: 99.6%)
  Layer 13/32 done (PCA 2D: 99.0%, 3D: 99.3%)
  Layer 14/32 done (PCA 2D: 98.3%, 3D: 98.8%)
  Layer 15/32 done (PCA 2D: 97.4%, 3D: 98.3%)
  Layer 16/32 done (PCA 2D: 94.2%, 3D: 95.7%)
  Layer 17/32 done (PCA 2D: 90.6%, 3D: 92.7%)
  Layer 18/32 done (PCA 2D: 73.7%, 3D: 76.9%)
  Layer 19/32 done (PCA 2D: 65.3%, 3D: 69.1%)
  Layer 20/32 done (PCA 2D: 58.0%, 3D: 62.5%)
  Layer 21/32 done (PCA 2D: 48.7%, 3D: 54.7%)
  Layer 22/32 done (PCA 2D: 39.9%, 3D: 45.7%)
  Layer 23/32 done (PCA 2D: 35.4%, 3D: 42.0%)
  Layer 24/32 done (PCA 2D: 25.0%, 3D: 31.3%)
  Layer 25/32 done (PCA 2D: 24.4%, 3D: 29.2%)
  Layer 26/32 done (PCA 2D: 23.4%, 3D: 28.1%)
  Layer 27/32 done (PCA 2D: 22.3%, 3D: 26.9%)
  Layer 28/32 done (PCA 2D: 18.9%, 3D: 23.4%)
  Layer 29/32 done (PCA 2D: 19.4%, 3D: 23.7%)
  Layer 30/32 done (PCA 2D: 20.2%, 3D: 24.5%)
  Layer 31/32 done (PCA 2D: 21.1%, 3D: 26.1%)
  Layer 32/32 done (PCA 2D: 70.6%, 3D: 77.5%)
Saved projections to ../../dashboard/public/data/projections_flores_table1_100_apertus8b.json
Job Finished Successfully!
